(11:10:40 Firma:1 Benutzer:) Start of GMSStart
(11:10:40 Firma:1 Benutzer:) Showing Login diaolog
(11:10:50 Firma:1 Benutzer:) Succefully login as admin@felix.info
(11:10:51 Firma:1 Benutzer:) Start build Application list 
(11:11:49 Firma:1 Benutzer:) Close GMSStart
(11:30:17 Firma:1 Benutzer:) Start of GMSStart
(11:30:17 Firma:1 Benutzer:) Showing Login diaolog
(11:30:22 Firma:1 Benutzer:) Succefully login as admin@felix.info
(11:30:23 Firma:1 Benutzer:) Start build Application list 
(11:30:40 Firma:1 Benutzer:) FillList -- >2
(11:30:40 Firma:1 Benutzer:) FillList -- >1
(11:30:40 Firma:1 Benutzer:) aFileListResult.Text -- >1

(11:30:44 Firma:1 Benutzer:) FillList -- >2
(11:30:44 Firma:1 Benutzer:) FillList -- >1
(11:30:44 Firma:1 Benutzer:) aFileListResult.Text -- >1

(11:32:10 Firma:1 Benutzer:) Close GMSStart
(11:55:03 Firma:1 Benutzer:) Start of GMSStart
(11:55:03 Firma:1 Benutzer:) Showing Login diaolog
(11:55:09 Firma:1 Benutzer:) Succefully login as admin@felix.info
(11:55:09 Firma:1 Benutzer:) Start build Application list 
(11:55:12 Firma:1 Benutzer:) FillList -- >.
(11:55:12 Firma:1 Benutzer:) FillList -- >..
(11:55:12 Firma:1 Benutzer:) FillList -- >.
(11:55:12 Firma:1 Benutzer:) FillList -- >..
(11:55:12 Firma:1 Benutzer:) FillList -- >ibank.asb.by.htm
(11:55:12 Firma:1 Benutzer:) FillList -- >ibank.asb.by_files
(11:55:12 Firma:1 Benutzer:) FillList -- >lib.zip
(11:55:12 Firma:1 Benutzer:) FillList -- >ricipe.jpg
(11:55:12 Firma:1 Benutzer:) FillList -- >Проходы Назаров 9_11_2016.png
(11:55:12 Firma:1 Benutzer:) aFileListResult.Text -- >ibank.asb.by.htm
ibank.asb.by_files
lib.zip
ricipe.jpg
Проходы Назаров 9_11_2016.png

(11:55:56 Firma:1 Benutzer:) FillList -- >.
(11:55:56 Firma:1 Benutzer:) FillList -- >..
(11:55:56 Firma:1 Benutzer:) FillList -- >ibank.asb.by.htm
(11:55:56 Firma:1 Benutzer:) FillList -- >lib.zip
(11:55:56 Firma:1 Benutzer:) FillList -- >ricipe.jpg
(11:55:56 Firma:1 Benutzer:) FillList -- >Проходы Назаров 9_11_2016.png
(11:55:56 Firma:1 Benutzer:) FillList -- >.
(11:55:56 Firma:1 Benutzer:) FillList -- >..
(11:55:56 Firma:1 Benutzer:) FillList -- >ibank.asb.by.htm
(11:55:56 Firma:1 Benutzer:) FillList -- >ibank.asb.by_files
(11:55:56 Firma:1 Benutzer:) FillList -- >lib.zip
(11:55:56 Firma:1 Benutzer:) FillList -- >ricipe.jpg
(11:55:56 Firma:1 Benutzer:) FillList -- >Проходы Назаров 9_11_2016.png
(11:55:56 Firma:1 Benutzer:) aFileListResult.Text -- >ibank.asb.by_files

(11:56:20 Firma:1 Benutzer:) FillList -- >.
(11:56:20 Firma:1 Benutzer:) FillList -- >..
(11:56:20 Firma:1 Benutzer:) FillList -- >ibank.asb.by.htm
(11:56:20 Firma:1 Benutzer:) FillList -- >lib.zip
(11:56:20 Firma:1 Benutzer:) FillList -- >ricipe.jpg
(11:56:20 Firma:1 Benutzer:) FillList -- >Проходы Назаров 9_11_2016.png
(11:56:20 Firma:1 Benutzer:) FillList -- >.
(11:56:20 Firma:1 Benutzer:) FillList -- >..
(11:56:20 Firma:1 Benutzer:) FillList -- >ibank.asb.by.htm
(11:56:20 Firma:1 Benutzer:) FillList -- >ibank.asb.by_files
(11:56:20 Firma:1 Benutzer:) FillList -- >lib.zip
(11:56:20 Firma:1 Benutzer:) FillList -- >ricipe.jpg
(11:56:20 Firma:1 Benutzer:) FillList -- >Проходы Назаров 9_11_2016.png
(11:56:20 Firma:1 Benutzer:) aFileListResult.Text -- >ibank.asb.by_files
lib.zip

