(12:06:27 Firma:1 Benutzer:) Close GMSStart
(12:07:58 Firma:1 Benutzer:) Start of GMSStart
(12:07:58 Firma:1 Benutzer:) Showing Login diaolog
(12:08:04 Firma:1 Benutzer:) Succefully login as admin@felix.info
(12:08:04 Firma:1 Benutzer:) Start build Application list 
(12:08:07 Firma:1 Benutzer:) FillList -- >ibank.asb.by.htm
(12:08:07 Firma:1 Benutzer:) FillList -- >lib.zip
(12:08:07 Firma:1 Benutzer:) FillList -- >ricipe.jpg
(12:08:07 Firma:1 Benutzer:) FillList -- >Проходы Назаров 9_11_2016.png
(12:08:07 Firma:1 Benutzer:) FillList -- >ibank.asb.by.htm
(12:08:07 Firma:1 Benutzer:) FillList -- >lib.zip
(12:08:07 Firma:1 Benutzer:) FillList -- >ricipe.jpg
(12:08:07 Firma:1 Benutzer:) FillList -- >Проходы Назаров 9_11_2016.png
(12:08:07 Firma:1 Benutzer:) aFileListResult.Text -- >
(12:08:20 Firma:1 Benutzer:) FillList -- >ibank.asb.by.htm
(12:08:20 Firma:1 Benutzer:) FillList -- >lib.zip
(12:08:20 Firma:1 Benutzer:) FillList -- >ricipe.jpg
(12:08:20 Firma:1 Benutzer:) FillList -- >Проходы Назаров 9_11_2016.png
(12:08:20 Firma:1 Benutzer:) aFileListResult.Text -- >ibank.asb.by.htm
lib.zip
ricipe.jpg
Проходы Назаров 9_11_2016.png

(12:11:13 Firma:1 Benutzer:) Close GMSStart
(12:12:47 Firma:1 Benutzer:) Start of GMSStart
(12:12:47 Firma:1 Benutzer:) Showing Login diaolog
(12:12:52 Firma:1 Benutzer:) Succefully login as admin@felix.info
(12:12:52 Firma:1 Benutzer:) Start build Application list 
(12:14:58 Firma:1 Benutzer:) Close GMSStart
(12:15:39 Firma:1 Benutzer:) Start of GMSStart
(12:15:39 Firma:1 Benutzer:) Showing Login diaolog
(12:15:44 Firma:1 Benutzer:) Succefully login as admin@felix.info
(12:15:44 Firma:1 Benutzer:) Start build Application list 
(12:21:14 Firma:1 Benutzer:) Close GMSStart
