(17:52:49 Firma:1 Benutzer:) Start of GMSStart
(17:52:49 Firma:1 Benutzer:) Showing Login diaolog
(17:52:50 Firma:1 Benutzer:) Update file: c:\Projects\GMS_Maintenance\Win32\Debug\\170201_1400.log
(17:52:50 Firma:1 Benutzer:) Update file: c:\Projects\GMS_Maintenance\Win32\Debug\\GMS_Maintenance.exe
(17:52:50 Firma:1 Benutzer:) Update file: c:\Projects\GMS_Maintenance\Win32\Debug\\1\pas.ini
(17:52:50 Firma:1 Benutzer:) Update file: c:\Projects\GMS_Maintenance\Win32\Debug\\1\12\felixmain.ini
(17:52:50 Firma:1 Benutzer:) Update file: c:\Projects\GMS_Maintenance\Win32\Debug\\2\kasse.ini
(17:52:50 Firma:1 Benutzer:) Update file: c:\Projects\GMS_Maintenance\Win32\Debug\\2\22\221\170201_1400.log
(17:52:50 Firma:1 Benutzer:) Update file: c:\Projects\GMS_Maintenance\Win32\Debug\\2\22\221\170201_1500.log
(17:52:50 Firma:1 Benutzer:) Update file: c:\Projects\GMS_Maintenance\Win32\Debug\\2\22\221\2212\170130_1500.log
(17:52:56 Firma:1 Benutzer:) Succefully login as admin@felix.info
(17:52:56 Firma:1 Benutzer:) Start build Application list 
(17:53:29 Firma:1 Benutzer:) Close GMSStart
(17:55:08 Firma:1 Benutzer:) Start of GMSStart
(17:55:08 Firma:1 Benutzer:) Showing Login diaolog
(17:55:09 Firma:1 Benutzer:) Update file: c:\Projects\GMS_Maintenance\Win32\Debug\\GMS_Maintenance.exe
(17:55:34 Firma:1 Benutzer:) Succefully login as admin@felix.info
(17:55:34 Firma:1 Benutzer:) Start build Application list 
(17:56:11 Firma:1 Benutzer:) Close GMSStart
(17:56:16 Firma:1 Benutzer:) Start of GMSStart
(17:56:16 Firma:1 Benutzer:) Showing Login diaolog
(17:56:17 Firma:1 Benutzer:) Update file: c:\Projects\GMS_Maintenance\Win32\Debug\\GMS_Maintenance.exe
(17:56:21 Firma:1 Benutzer:) Succefully login as admin@felix.info
(17:56:21 Firma:1 Benutzer:) Start build Application list 
(17:56:58 Firma:1 Benutzer:) Close GMSStart
