(15:03:26 Firma:1 Benutzer:) Start of GMSStart
(15:03:26 Firma:1 Benutzer:) Showing Login diaolog
(15:03:32 Firma:1 Benutzer:) Succefully login as admin@felix.info
(15:03:32 Firma:1 Benutzer:) Start build Application list 
(15:03:38 Firma:1 Benutzer:) c:\Projects\GMS_Maintenance\Win32\Debug_server\ c:\Projects\GMS_Maintenance\Win32\Debug\
(15:03:38 Firma:1 Benutzer:) aSubFolderName = 1
(15:03:52 Firma:1 Benutzer:) aTsr.name = 12
(15:03:52 Firma:1 Benutzer:) aTsr.name = pas.ini
(15:12:44 Firma:1 Benutzer:) Start of GMSStart
(15:12:44 Firma:1 Benutzer:) Showing Login diaolog
(15:12:48 Firma:1 Benutzer:) Succefully login as admin@felix.info
(15:12:48 Firma:1 Benutzer:) Start build Application list 
(15:12:51 Firma:1 Benutzer:) c:\Projects\GMS_Maintenance\Win32\Debug_server\ c:\Projects\GMS_Maintenance\Win32\Debug\
(15:12:51 Firma:1 Benutzer:) aSubFolderName = 1
(15:12:51 Firma:1 Benutzer:) aTsr.name = pas.ini
(15:12:51 Firma:1 Benutzer:) aSubFolderName = 2
(15:12:51 Firma:1 Benutzer:) aTsr.name = kasse.ini
(15:12:51 Firma:1 Benutzer:) pas.ini
kasse.ini

(15:13:18 Firma:1 Benutzer:) Close GMSStart
(15:15:07 Firma:1 Benutzer:) Start of GMSStart
(15:15:07 Firma:1 Benutzer:) Showing Login diaolog
(15:15:12 Firma:1 Benutzer:) Succefully login as admin@felix.info
(15:15:12 Firma:1 Benutzer:) Start build Application list 
(15:15:14 Firma:1 Benutzer:) c:\Projects\GMS_Maintenance\Win32\Debug_server\ c:\Projects\GMS_Maintenance\Win32\Debug\
(15:15:14 Firma:1 Benutzer:) aSubFolderName = 1
(15:15:14 Firma:1 Benutzer:) aTsr.name = 12
(15:15:14 Firma:1 Benutzer:) aSubFolderName = 2
(15:15:14 Firma:1 Benutzer:) 12

(15:15:38 Firma:1 Benutzer:) Close GMSStart
(15:17:50 Firma:1 Benutzer:) Start of GMSStart
(15:17:50 Firma:1 Benutzer:) Showing Login diaolog
(15:17:56 Firma:1 Benutzer:) Succefully login as admin@felix.info
(15:17:56 Firma:1 Benutzer:) Start build Application list 
(15:17:59 Firma:1 Benutzer:) c:\Projects\GMS_Maintenance\Win32\Debug_server\ c:\Projects\GMS_Maintenance\Win32\Debug\
(15:17:59 Firma:1 Benutzer:) aSubFolderName = 1
(15:17:59 Firma:1 Benutzer:) aTsr.name = 12
(15:17:59 Firma:1 Benutzer:) aSubFolderName = 2
(15:17:59 Firma:1 Benutzer:) 1
12
12\felixmain.ini
12\felixmain.ini
2

(15:18:49 Firma:1 Benutzer:) Close GMSStart
(15:19:34 Firma:1 Benutzer:) Start of GMSStart
(15:19:34 Firma:1 Benutzer:) Showing Login diaolog
(15:19:39 Firma:1 Benutzer:) Succefully login as admin@felix.info
(15:19:39 Firma:1 Benutzer:) Start build Application list 
(15:19:42 Firma:1 Benutzer:) c:\Projects\GMS_Maintenance\Win32\Debug_server\ c:\Projects\GMS_Maintenance\Win32\Debug\
(15:19:42 Firma:1 Benutzer:) aSubFolderName = 1
(15:19:42 Firma:1 Benutzer:) aTsr.name = 12
(15:19:42 Firma:1 Benutzer:) aSubFolderName = 2
(15:19:42 Firma:1 Benutzer:) 1
12
2

(15:20:40 Firma:1 Benutzer:) Close GMSStart
(15:24:11 Firma:1 Benutzer:) Start of GMSStart
(15:24:11 Firma:1 Benutzer:) Showing Login diaolog
(15:24:16 Firma:1 Benutzer:) Succefully login as admin@felix.info
(15:24:16 Firma:1 Benutzer:) Start build Application list 
(15:24:17 Firma:1 Benutzer:) c:\Projects\GMS_Maintenance\Win32\Debug_server\ c:\Projects\GMS_Maintenance\Win32\Debug\
(15:24:17 Firma:1 Benutzer:) aSubFolderName = 1
(15:24:17 Firma:1 Benutzer:) aSubFolderName = 2
(15:24:17 Firma:1 Benutzer:) 1
12
13
14
2
21
22

(15:24:49 Firma:1 Benutzer:) Close GMSStart
(15:27:35 Firma:1 Benutzer:) Start of GMSStart
(15:27:35 Firma:1 Benutzer:) Showing Login diaolog
(15:27:40 Firma:1 Benutzer:) Succefully login as admin@felix.info
(15:27:40 Firma:1 Benutzer:) Start build Application list 
(15:27:43 Firma:1 Benutzer:) c:\Projects\GMS_Maintenance\Win32\Debug_server\ c:\Projects\GMS_Maintenance\Win32\Debug\
(15:27:43 Firma:1 Benutzer:) aSubFolderName = 1
(15:27:43 Firma:1 Benutzer:) aTsr.name = 12
(15:27:43 Firma:1 Benutzer:) aTsr.name = 13
(15:27:43 Firma:1 Benutzer:) aTsr.name = 14
(15:29:07 Firma:1 Benutzer:) aSubFolderName = 2
(15:29:07 Firma:1 Benutzer:) aTsr.name = 21
(15:29:07 Firma:1 Benutzer:) aTsr.name = 22
(15:29:08 Firma:1 Benutzer:) 1
12
13
14
2
21
22

(15:29:13 Firma:1 Benutzer:) Close GMSStart
(15:35:39 Firma:1 Benutzer:) Start of GMSStart
(15:35:39 Firma:1 Benutzer:) Showing Login diaolog
(15:35:45 Firma:1 Benutzer:) Succefully login as admin@felix.info
(15:35:45 Firma:1 Benutzer:) Start build Application list 
(15:35:49 Firma:1 Benutzer:) c:\Projects\GMS_Maintenance\Win32\Debug_server\ c:\Projects\GMS_Maintenance\Win32\Debug\
(15:35:49 Firma:1 Benutzer:) aSubFolderName = 1
(15:35:49 Firma:1 Benutzer:) aTsr.name = 12
(15:35:49 Firma:1 Benutzer:) aTsr.name = 13
(15:35:49 Firma:1 Benutzer:) aTsr.name = 14
(15:35:49 Firma:1 Benutzer:) aSubFolderName = 2
(15:35:49 Firma:1 Benutzer:) aTsr.name = 21
(15:35:49 Firma:1 Benutzer:) aTsr.name = 22
(15:35:49 Firma:1 Benutzer:) 1
12
13
14
2
21
22

(15:36:32 Firma:1 Benutzer:) Close GMSStart
(15:37:30 Firma:1 Benutzer:) Start of GMSStart
(15:37:30 Firma:1 Benutzer:) Showing Login diaolog
(15:37:34 Firma:1 Benutzer:) Succefully login as admin@felix.info
(15:37:35 Firma:1 Benutzer:) Start build Application list 
(15:37:37 Firma:1 Benutzer:) c:\Projects\GMS_Maintenance\Win32\Debug_server\ c:\Projects\GMS_Maintenance\Win32\Debug\
(15:37:37 Firma:1 Benutzer:) aSubFolderName = 1
(15:37:37 Firma:1 Benutzer:) aTsr.name = 1\12
(15:37:37 Firma:1 Benutzer:) aTsr.name = 1\13
(15:37:37 Firma:1 Benutzer:) aTsr.name = 1\14
(15:37:37 Firma:1 Benutzer:) aSubFolderName = 2
(15:37:37 Firma:1 Benutzer:) aTsr.name = 2\21
(15:37:37 Firma:1 Benutzer:) aTsr.name = 2\22
(15:37:37 Firma:1 Benutzer:) 1
1\12
1\13
1\14
2
2\21
2\22

(15:38:11 Firma:1 Benutzer:) c:\Projects\GMS_Maintenance\Win32\Debug_server\ c:\Projects\GMS_Maintenance\Win32\Debug\
(15:38:11 Firma:1 Benutzer:) aSubFolderName = 1
(15:38:11 Firma:1 Benutzer:) aTsr.name = 1\12
(15:38:11 Firma:1 Benutzer:) aTsr.name = 1\13
(15:38:11 Firma:1 Benutzer:) aTsr.name = 1\14
(15:38:11 Firma:1 Benutzer:) aSubFolderName = 2
(15:38:11 Firma:1 Benutzer:) aTsr.name = 2\21
(15:38:11 Firma:1 Benutzer:) aTsr.name = 2\22
(15:38:11 Firma:1 Benutzer:) 1
1\12
1\13
1\14
2
2\21
2\22

(15:39:32 Firma:1 Benutzer:) c:\Projects\GMS_Maintenance\Win32\Debug_server\ c:\Projects\GMS_Maintenance\Win32\Debug\
(15:39:32 Firma:1 Benutzer:) aSubFolderName = 1
(15:39:32 Firma:1 Benutzer:) aTsr.name = 1\12
(15:39:32 Firma:1 Benutzer:) aTsr.name = 1\13
(15:39:32 Firma:1 Benutzer:) aTsr.name = 1\14
(15:39:32 Firma:1 Benutzer:) aSubFolderName = 2
(15:39:32 Firma:1 Benutzer:) aTsr.name = 2\21
(15:39:32 Firma:1 Benutzer:) aTsr.name = 2\22
(15:39:32 Firma:1 Benutzer:) 1
1\12
1\13
1\14
2
2\21
2\22

(15:39:57 Firma:1 Benutzer:) c:\Projects\GMS_Maintenance\Win32\Debug_server\ c:\Projects\GMS_Maintenance\Win32\Debug\
(15:39:57 Firma:1 Benutzer:) aSubFolderName = 1
(15:39:57 Firma:1 Benutzer:) aTsr.name = 1\12
(15:39:57 Firma:1 Benutzer:) aTsr.name = 1\13
(15:39:57 Firma:1 Benutzer:) aTsr.name = 1\14
(15:39:57 Firma:1 Benutzer:) aSubFolderName = 2
(15:39:57 Firma:1 Benutzer:) aTsr.name = 2\21
(15:39:57 Firma:1 Benutzer:) aTsr.name = 2\22
(15:39:57 Firma:1 Benutzer:) 1
1\12
1\13
1\14
2
2\21
2\22

(15:40:24 Firma:1 Benutzer:) Close GMSStart
(15:41:17 Firma:1 Benutzer:) Start of GMSStart
(15:41:17 Firma:1 Benutzer:) Showing Login diaolog
(15:41:21 Firma:1 Benutzer:) Succefully login as admin@felix.info
(15:41:21 Firma:1 Benutzer:) Start build Application list 
(15:41:23 Firma:1 Benutzer:) c:\Projects\GMS_Maintenance\Win32\Debug_server\ c:\Projects\GMS_Maintenance\Win32\Debug\
(15:41:23 Firma:1 Benutzer:) aSubFolderName = 1
(15:41:23 Firma:1 Benutzer:) aTsr.name = 1\12
(15:41:23 Firma:1 Benutzer:) aTsr.name = 1\13
(15:41:23 Firma:1 Benutzer:) aTsr.name = 1\14
(15:41:23 Firma:1 Benutzer:) aSubFolderName = 2
(15:41:23 Firma:1 Benutzer:) aTsr.name = 2\21
(15:41:23 Firma:1 Benutzer:) aTsr.name = 2\22
(15:41:23 Firma:1 Benutzer:) 1
1\12
1\13
1\14
2
2\21
2\22

(15:41:45 Firma:1 Benutzer:) Close GMSStart
(15:43:02 Firma:1 Benutzer:) Start of GMSStart
(15:43:02 Firma:1 Benutzer:) Showing Login diaolog
(15:43:07 Firma:1 Benutzer:) Succefully login as admin@felix.info
(15:43:07 Firma:1 Benutzer:) Start build Application list 
(15:43:11 Firma:1 Benutzer:) c:\Projects\GMS_Maintenance\Win32\Debug_server\ c:\Projects\GMS_Maintenance\Win32\Debug\
(15:43:11 Firma:1 Benutzer:) aSubFolderName = 1
(15:43:11 Firma:1 Benutzer:) aTsr.name = 1\12
(15:43:11 Firma:1 Benutzer:) aTsr.name = 1\13
(15:43:11 Firma:1 Benutzer:) aTsr.name = 1\14
(15:43:11 Firma:1 Benutzer:) FindFirst = c:\Projects\GMS_Maintenance\Win32\Debug_server\\1\1\
(15:43:11 Firma:1 Benutzer:) FindFirst = c:\Projects\GMS_Maintenance\Win32\Debug_server\\1\1\12\
(15:43:11 Firma:1 Benutzer:) FindFirst = c:\Projects\GMS_Maintenance\Win32\Debug_server\\1\1\13\
(15:43:11 Firma:1 Benutzer:) FindFirst = c:\Projects\GMS_Maintenance\Win32\Debug_server\\1\1\14\
(15:43:11 Firma:1 Benutzer:) aSubFolderName = 2
(15:43:11 Firma:1 Benutzer:) aTsr.name = 2\21
(15:43:11 Firma:1 Benutzer:) aTsr.name = 2\22
(15:43:11 Firma:1 Benutzer:) FindFirst = c:\Projects\GMS_Maintenance\Win32\Debug_server\\2\2\
(15:43:11 Firma:1 Benutzer:) FindFirst = c:\Projects\GMS_Maintenance\Win32\Debug_server\\2\2\21\
(15:43:11 Firma:1 Benutzer:) FindFirst = c:\Projects\GMS_Maintenance\Win32\Debug_server\\2\2\22\
(15:43:11 Firma:1 Benutzer:) 1
1\12
1\13
1\14
2
2\21
2\22

(15:43:55 Firma:1 Benutzer:) Close GMSStart
(15:45:53 Firma:1 Benutzer:) Start of GMSStart
(15:45:53 Firma:1 Benutzer:) Showing Login diaolog
(15:45:58 Firma:1 Benutzer:) Succefully login as admin@felix.info
(15:45:58 Firma:1 Benutzer:) Start build Application list 
(15:46:00 Firma:1 Benutzer:) c:\Projects\GMS_Maintenance\Win32\Debug_server c:\Projects\GMS_Maintenance\Win32\Debug\
(15:46:00 Firma:1 Benutzer:) aSubFolderName = 1
(15:46:00 Firma:1 Benutzer:) aTsr.name = 1\12
(15:46:00 Firma:1 Benutzer:) aTsr.name = 1\13
(15:46:00 Firma:1 Benutzer:) aTsr.name = 1\14
(15:46:00 Firma:1 Benutzer:) FindFirst = c:\Projects\GMS_Maintenance\Win32\Debug_server\1\1\
(15:46:00 Firma:1 Benutzer:) FindFirst = c:\Projects\GMS_Maintenance\Win32\Debug_server\1\1\12\
(15:46:00 Firma:1 Benutzer:) FindFirst = c:\Projects\GMS_Maintenance\Win32\Debug_server\1\1\13\
(15:46:00 Firma:1 Benutzer:) FindFirst = c:\Projects\GMS_Maintenance\Win32\Debug_server\1\1\14\
(15:46:00 Firma:1 Benutzer:) aSubFolderName = 2
(15:46:00 Firma:1 Benutzer:) aTsr.name = 2\21
(15:46:00 Firma:1 Benutzer:) aTsr.name = 2\22
(15:46:00 Firma:1 Benutzer:) FindFirst = c:\Projects\GMS_Maintenance\Win32\Debug_server\2\2\
(15:46:00 Firma:1 Benutzer:) FindFirst = c:\Projects\GMS_Maintenance\Win32\Debug_server\2\2\21\
(15:46:00 Firma:1 Benutzer:) FindFirst = c:\Projects\GMS_Maintenance\Win32\Debug_server\2\2\22\
(15:46:00 Firma:1 Benutzer:) 1
1\12
1\13
1\14
2
2\21
2\22

(15:46:57 Firma:1 Benutzer:) Close GMSStart
(15:53:08 Firma:1 Benutzer:) Start of GMSStart
(15:53:08 Firma:1 Benutzer:) Showing Login diaolog
(15:53:14 Firma:1 Benutzer:) Succefully login as admin@felix.info
(15:53:14 Firma:1 Benutzer:) Start build Application list 
(15:53:17 Firma:1 Benutzer:) c:\Projects\GMS_Maintenance\Win32\Debug_server c:\Projects\GMS_Maintenance\Win32\Debug\
(15:53:17 Firma:1 Benutzer:) aSubFolderName = 1
(15:53:17 Firma:1 Benutzer:) aTsr.name = 1\12
(15:53:17 Firma:1 Benutzer:) aTsr.name = 1\13
(15:53:17 Firma:1 Benutzer:) aTsr.name = 1\14
(15:53:17 Firma:1 Benutzer:) FindFirst = c:\Projects\GMS_Maintenance\Win32\Debug_server\1\1\
(15:53:17 Firma:1 Benutzer:) FindFirst = c:\Projects\GMS_Maintenance\Win32\Debug_server\1\1\12\
(15:53:17 Firma:1 Benutzer:) FindFirst = c:\Projects\GMS_Maintenance\Win32\Debug_server\1\1\13\
(15:53:17 Firma:1 Benutzer:) FindFirst = c:\Projects\GMS_Maintenance\Win32\Debug_server\1\1\14\
(15:53:17 Firma:1 Benutzer:) aSubFolderName = 2
(15:53:17 Firma:1 Benutzer:) aTsr.name = 2\21
(15:53:17 Firma:1 Benutzer:) aTsr.name = 2\22
(15:53:17 Firma:1 Benutzer:) FindFirst = c:\Projects\GMS_Maintenance\Win32\Debug_server\2\2\
(15:53:17 Firma:1 Benutzer:) FindFirst = c:\Projects\GMS_Maintenance\Win32\Debug_server\2\2\21\
(15:53:17 Firma:1 Benutzer:) FindFirst = c:\Projects\GMS_Maintenance\Win32\Debug_server\2\2\22\
(15:53:17 Firma:1 Benutzer:) 1
1\12
1\13
1\14
2
2\21
2\22

(15:53:51 Firma:1 Benutzer:) Close GMSStart
(15:55:44 Firma:1 Benutzer:) Start of GMSStart
(15:55:44 Firma:1 Benutzer:) Showing Login diaolog
(15:55:49 Firma:1 Benutzer:) Succefully login as admin@felix.info
(15:55:49 Firma:1 Benutzer:) Start build Application list 
(15:55:55 Firma:1 Benutzer:) c:\Projects\GMS_Maintenance\Win32\Debug_server c:\Projects\GMS_Maintenance\Win32\Debug\
(15:55:55 Firma:1 Benutzer:) aSubFolderName = 1
(15:55:55 Firma:1 Benutzer:) aTsr.name = 1\12
(15:55:55 Firma:1 Benutzer:) aTsr.name = 1\13
(15:55:55 Firma:1 Benutzer:) aTsr.name = 1\14
(15:55:55 Firma:1 Benutzer:) FindFirst = c:\Projects\GMS_Maintenance\Win32\Debug_server\1\
(15:55:55 Firma:1 Benutzer:) aTsr.name2 = 1\.
(15:55:55 Firma:1 Benutzer:) aTsr.name2 = 1\..
(15:55:55 Firma:1 Benutzer:) aTsr.name2 = 1\12
(15:55:55 Firma:1 Benutzer:) aTsr.name2 = 1\13
(15:55:55 Firma:1 Benutzer:) aTsr.name2 = 1\14
(15:55:55 Firma:1 Benutzer:) aTsr.name2 = 1\pas.ini
(15:55:55 Firma:1 Benutzer:) FindFirst = c:\Projects\GMS_Maintenance\Win32\Debug_server\1\12\
(15:55:55 Firma:1 Benutzer:) aTsr.name2 = 1\12\.
(15:55:55 Firma:1 Benutzer:) aTsr.name2 = 1\12\..
(15:55:55 Firma:1 Benutzer:) aTsr.name2 = 1\12\felixmain.ini
(15:55:55 Firma:1 Benutzer:) FindFirst = c:\Projects\GMS_Maintenance\Win32\Debug_server\1\13\
(15:55:55 Firma:1 Benutzer:) aTsr.name2 = 1\13\.
(15:55:55 Firma:1 Benutzer:) aTsr.name2 = 1\13\..
(15:55:55 Firma:1 Benutzer:) FindFirst = c:\Projects\GMS_Maintenance\Win32\Debug_server\1\14\
(15:55:55 Firma:1 Benutzer:) aTsr.name2 = 1\14\.
(15:55:55 Firma:1 Benutzer:) aTsr.name2 = 1\14\..
(15:55:55 Firma:1 Benutzer:) FindFirst = c:\Projects\GMS_Maintenance\Win32\Debug_server\1\14\
(15:55:55 Firma:1 Benutzer:) aTsr.name2 = 1\14\.
(15:55:55 Firma:1 Benutzer:) aTsr.name2 = 1\14\..
(15:55:55 Firma:1 Benutzer:) FindFirst = c:\Projects\GMS_Maintenance\Win32\Debug_server\1\1\12\
(15:55:55 Firma:1 Benutzer:) FindFirst = c:\Projects\GMS_Maintenance\Win32\Debug_server\1\1\13\
(15:55:55 Firma:1 Benutzer:) FindFirst = c:\Projects\GMS_Maintenance\Win32\Debug_server\1\1\14\
(15:55:55 Firma:1 Benutzer:) aSubFolderName = 2
(15:55:55 Firma:1 Benutzer:) aTsr.name = 2\21
(15:55:55 Firma:1 Benutzer:) aTsr.name = 2\22
(15:55:55 Firma:1 Benutzer:) FindFirst = c:\Projects\GMS_Maintenance\Win32\Debug_server\2\
(15:55:55 Firma:1 Benutzer:) aTsr.name2 = 2\.
(15:55:55 Firma:1 Benutzer:) aTsr.name2 = 2\..
(15:55:55 Firma:1 Benutzer:) aTsr.name2 = 2\21
(15:55:55 Firma:1 Benutzer:) aTsr.name2 = 2\22
(15:55:55 Firma:1 Benutzer:) aTsr.name2 = 2\kasse.ini
(15:55:55 Firma:1 Benutzer:) FindFirst = c:\Projects\GMS_Maintenance\Win32\Debug_server\2\21\
(15:55:55 Firma:1 Benutzer:) aTsr.name2 = 2\21\.
(15:55:55 Firma:1 Benutzer:) aTsr.name2 = 2\21\..
(15:55:55 Firma:1 Benutzer:) FindFirst = c:\Projects\GMS_Maintenance\Win32\Debug_server\2\22\
(15:55:55 Firma:1 Benutzer:) aTsr.name2 = 2\22\.
(15:55:55 Firma:1 Benutzer:) aTsr.name2 = 2\22\..
(15:55:55 Firma:1 Benutzer:) aTsr.name2 = 2\22\221
(15:55:55 Firma:1 Benutzer:) FindFirst = c:\Projects\GMS_Maintenance\Win32\Debug_server\2\22\
(15:55:55 Firma:1 Benutzer:) aTsr.name2 = 2\22\.
(15:55:55 Firma:1 Benutzer:) aTsr.name2 = 2\22\..
(15:55:55 Firma:1 Benutzer:) aTsr.name2 = 2\22\221
(15:55:55 Firma:1 Benutzer:) FindFirst = c:\Projects\GMS_Maintenance\Win32\Debug_server\2\2\21\
(15:55:55 Firma:1 Benutzer:) FindFirst = c:\Projects\GMS_Maintenance\Win32\Debug_server\2\2\22\
(15:55:55 Firma:1 Benutzer:) FindFirst = c:\Projects\GMS_Maintenance\Win32\Debug_server\2\2\22\221\
(15:55:55 Firma:1 Benutzer:) FindFirst = c:\Projects\GMS_Maintenance\Win32\Debug_server\2\2\22\221\
(15:55:55 Firma:1 Benutzer:) FindFirst = c:\Projects\GMS_Maintenance\Win32\Debug_server\2\2\22\221\
(15:55:55 Firma:1 Benutzer:) 1
1\12
1\13
1\14
1\1\12
1\1\13
1\1\14
2
2\21
2\22
2\2\21
2\2\22
2\2\22\221
2\2\22\221

(15:59:38 Firma:1 Benutzer:) Close GMSStart
