(18:21:50 Firma:1 Benutzer:) Start of GMSStart
(18:21:50 Firma:1 Benutzer:) Showing Login diaolog
(18:21:51 Firma:1 Benutzer:) Update file: c:\Projects\GMS_Maintenance\Win32\Debug\\GMS_Maintenance.exe
(18:21:55 Firma:1 Benutzer:) Succefully login as admin@felix.info
(18:21:55 Firma:1 Benutzer:) Start build Application list 
(18:22:03 Firma:1 Benutzer:) Close GMSStart
(18:22:21 Firma:1 Benutzer:) Start of GMSStart
(18:22:21 Firma:1 Benutzer:) Showing Login diaolog
(18:22:22 Firma:1 Benutzer:) Update file: c:\Projects\GMS_Maintenance\Win32\Debug\\GMS_Maintenance.exe
(18:22:22 Firma:1 Benutzer:) Fail the update of file: c:\Projects\GMS_Maintenance\Win32\Debug\\GMS_Maintenance.exe
(18:22:27 Firma:1 Benutzer:) Succefully login as admin@felix.info
(18:22:27 Firma:1 Benutzer:) Start build Application list 
(18:22:44 Firma:1 Benutzer:) Close GMSStart
(18:24:15 Firma:1 Benutzer:) Start of GMSStart
(18:24:15 Firma:1 Benutzer:) Showing Login diaolog
(18:24:16 Firma:1 Benutzer:) Update file: c:\Projects\GMS_Maintenance\Win32\Debug\\GMS_Maintenance.exe
(18:24:16 Firma:1 Benutzer:) Fail the update of file: c:\Projects\GMS_Maintenance\Win32\Debug\\GMS_Maintenance.exe
(18:24:21 Firma:1 Benutzer:) Succefully login as admin@felix.info
(18:24:21 Firma:1 Benutzer:) Start build Application list 
(18:25:02 Firma:1 Benutzer:) Close GMSStart
(18:25:51 Firma:1 Benutzer:) Start of GMSStart
(18:25:51 Firma:1 Benutzer:) Showing Login diaolog
(18:25:52 Firma:1 Benutzer:) Update file: c:\Projects\GMS_Maintenance\Win32\Debug\\GMS_Maintenance.exe
(18:25:52 Firma:1 Benutzer:) Fail the update of file: c:\Projects\GMS_Maintenance\Win32\Debug\\GMS_Maintenance.exe
(18:26:01 Firma:1 Benutzer:) Succefully login as admin@felix.info
(18:26:01 Firma:1 Benutzer:) Start build Application list 
(18:26:38 Firma:1 Benutzer:) Close GMSStart
(18:29:22 Firma:1 Benutzer:) Start of GMSStart
(18:29:22 Firma:1 Benutzer:) Showing Login diaolog
(18:29:23 Firma:1 Benutzer:) Update file: c:\Projects\GMS_Maintenance\Win32\Debug\\GMS_Maintenance.exe
(18:29:23 Firma:1 Benutzer:) Fail the update of file: c:\Projects\GMS_Maintenance\Win32\Debug\\GMS_Maintenance.exe
(18:29:27 Firma:1 Benutzer:) Succefully login as admin@felix.info
(18:29:27 Firma:1 Benutzer:) Start build Application list 
(18:29:30 Firma:1 Benutzer:) Update file: c:\Projects\GMS_Maintenance\Win32\Debug\\GMS_Maintenance.exe
(18:29:30 Firma:1 Benutzer:) Fail the update of file: c:\Projects\GMS_Maintenance\Win32\Debug\\GMS_Maintenance.exe
(18:29:32 Firma:1 Benutzer:) Update file: c:\Projects\GMS_Maintenance\Win32\Debug\\GMS_Maintenance.exe
(18:29:32 Firma:1 Benutzer:) Fail the update of file: c:\Projects\GMS_Maintenance\Win32\Debug\\GMS_Maintenance.exe
(18:29:40 Firma:1 Benutzer:) Update file: c:\Projects\GMS_Maintenance\Win32\Debug\\GMS_Maintenance.exe
(18:30:07 Firma:1 Benutzer:) Close GMSStart
(18:31:55 Firma:1 Benutzer:) Start of GMSStart
(18:31:55 Firma:1 Benutzer:) Showing Login diaolog
(18:31:55 Firma:1 Benutzer:) Update file: c:\Projects\GMS_Maintenance\Win32\Debug\\GMS_Maintenance.exe
(18:31:57 Firma:1 Benutzer:) Close GMSStart
