(11:24:46 Firma:1 Benutzer:) Start of GMSStart
(11:24:46 Firma:1 Benutzer:) Showing Login diaolog
(11:24:50 Firma:1 Benutzer:) Close GMSStart
(11:33:02 Firma:1 Benutzer:) Start of GMSStart
(11:33:02 Firma:1 Benutzer:) Showing Login diaolog
(11:33:10 Firma:1 Benutzer:) Close GMSStart
(11:37:25 Firma:1 Benutzer:) Start of GMSStart
(11:37:25 Firma:1 Benutzer:) Showing Login diaolog
(11:37:28 Firma:1 Benutzer:) Close GMSStart
(11:50:14 Firma:1 Benutzer:) Start of GMSStart
(11:50:14 Firma:1 Benutzer:) Showing Login diaolog
(11:50:20 Firma:1 Benutzer:) Succefully login as admin@felix.info
(11:51:56 Firma:1 Benutzer:) Start of GMSStart
(11:51:56 Firma:1 Benutzer:) Showing Login diaolog
(11:52:01 Firma:1 Benutzer:) Succefully login as admin@felix.info
(11:52:01 Firma:1 Benutzer:) Start build Application list 
(11:52:06 Firma:1 Benutzer:) Close GMSStart
(11:52:14 Firma:1 Benutzer:) Start of GMSStart
(11:52:14 Firma:1 Benutzer:) Showing Login diaolog
(11:52:19 Firma:1 Benutzer:) Succefully login as admin@felix.info
(11:52:19 Firma:1 Benutzer:) Start build Application list 
(11:53:32 Firma:1 Benutzer:) Close GMSStart
